# JRE version: OpenJDK Runtime Environment (17.0.11) (build 17.0.11+0--11852314)
# Java VM: OpenJDK 64-Bit Server VM (17.0.11+0--11852314, mixed mode, tiered, compressed oops, compressed class ptrs, g1 gc, windows-amd64)
GC Precious Log:
 CPUs: 4 total, 4 available
 Memory: 16222M
 Large Page Support: Disabled
 NUMA Support: Disabled
 Compressed Oops: Enabled (32-bit)
 Heap Region Size: 1M
 Heap Min Capacity: 8M
 Heap Initial Capacity: 254M
 Heap Max Capacity: 2G
 Pre-touch: Disabled
 Parallel Workers: 4
 Concurrent Workers: 1
 Concurrent Refinement Workers: 4
 Periodic GC: Disabled
Heap:
 garbage-first heap   total 435200K, used 305998K [0x0000000080000000, 0x0000000100000000)
  region size 1024K, 10 young (10240K), 10 survivors (10240K)
 Metaspace       used 131930K, committed 132864K, reserved 1179648K
  class space    used 17777K, committed 18240K, reserved 1048576K
GC Heap History (20 events):
Event: 32.886 GC heap after
{Heap after GC invocations=49 (full 0):
 garbage-first heap   total 373760K, used 168272K [0x0000000080000000, 0x0000000100000000)
  region size 1024K, 3 young (3072K), 3 survivors (3072K)
 Metaspace       used 118648K, committed 119424K, reserved 1179648K
  class space    used 15851K, committed 16256K, reserved 1048576K
}
Event: 35.301 GC heap before
{Heap before GC invocations=49 (full 0):
 garbage-first heap   total 373760K, used 287056K [0x0000000080000000, 0x0000000100000000)
  region size 1024K, 120 young (122880K), 3 survivors (3072K)
 Metaspace       used 120820K, committed 121664K, reserved 1179648K
  class space    used 16105K, committed 16512K, reserved 1048576K
}
Event: 35.317 GC heap after
{Heap after GC invocations=50 (full 0):
 garbage-first heap   total 373760K, used 171447K [0x0000000080000000, 0x0000000100000000)
  region size 1024K, 6 young (6144K), 6 survivors (6144K)
 Metaspace       used 120820K, committed 121664K, reserved 1179648K
  class space    used 16105K, committed 16512K, reserved 1048576K
}
Event: 37.554 GC heap before
{Heap before GC invocations=50 (full 0):
 garbage-first heap   total 373760K, used 297399K [0x0000000080000000, 0x0000000100000000)
  region size 1024K, 128 young (131072K), 6 survivors (6144K)
 Metaspace       used 123284K, committed 124160K, reserved 1179648K
  class space    used 16400K, committed 16832K, reserved 1048576K
}
Event: 37.572 GC heap after
{Heap after GC invocations=51 (full 0):
 garbage-first heap   total 373760K, used 178387K [0x0000000080000000, 0x0000000100000000)
  region size 1024K, 13 young (13312K), 13 survivors (13312K)
 Metaspace       used 123284K, committed 124160K, reserved 1179648K
  class space    used 16400K, committed 16832K, reserved 1048576K
}
Event: 39.294 GC heap before
{Heap before GC invocations=51 (full 0):
 garbage-first heap   total 373760K, used 328915K [0x0000000080000000, 0x0000000100000000)
  region size 1024K, 130 young (133120K), 13 survivors (13312K)
 Metaspace       used 126233K, committed 127104K, reserved 1179648K
  class space    used 16783K, committed 17216K, reserved 1048576K
}
Event: 39.316 GC heap after
{Heap after GC invocations=52 (full 0):
 garbage-first heap   total 373760K, used 219789K [0x0000000080000000, 0x0000000100000000)
  region size 1024K, 12 young (12288K), 12 survivors (12288K)
 Metaspace       used 126233K, committed 127104K, reserved 1179648K
  class space    used 16783K, committed 17216K, reserved 1048576K
}
Event: 39.917 GC heap before
{Heap before GC invocations=52 (full 0):
 garbage-first heap   total 373760K, used 291469K [0x0000000080000000, 0x0000000100000000)
  region size 1024K, 44 young (45056K), 12 survivors (12288K)
 Metaspace       used 128734K, committed 129664K, reserved 1179648K
  class space    used 17162K, committed 17664K, reserved 1048576K
}
Event: 39.931 GC heap after
{Heap after GC invocations=53 (full 0):
 garbage-first heap   total 373760K, used 242950K [0x0000000080000000, 0x0000000100000000)
  region size 1024K, 6 young (6144K), 6 survivors (6144K)
 Metaspace       used 128734K, committed 129664K, reserved 1179648K
  class space    used 17162K, committed 17664K, reserved 1048576K
}
Event: 39.943 GC heap before
{Heap before GC invocations=53 (full 0):
 garbage-first heap   total 373760K, used 283910K [0x0000000080000000, 0x0000000100000000)
  region size 1024K, 17 young (17408K), 6 survivors (6144K)
 Metaspace       used 128735K, committed 129664K, reserved 1179648K
  class space    used 17162K, committed 17664K, reserved 1048576K
}
Event: 39.949 GC heap after
{Heap after GC invocations=54 (full 0):
 garbage-first heap   total 373760K, used 256532K [0x0000000080000000, 0x0000000100000000)
  region size 1024K, 8 young (8192K), 8 survivors (8192K)
 Metaspace       used 128735K, committed 129664K, reserved 1179648K
  class space    used 17162K, committed 17664K, reserved 1048576K
}
Event: 40.521 GC heap before
{Heap before GC invocations=54 (full 0):
 garbage-first heap   total 373760K, used 299540K [0x0000000080000000, 0x0000000100000000)
  region size 1024K, 44 young (45056K), 8 survivors (8192K)
 Metaspace       used 129011K, committed 129920K, reserved 1179648K
  class space    used 17203K, committed 17664K, reserved 1048576K
}
Event: 40.552 GC heap after
{Heap after GC invocations=55 (full 0):
 garbage-first heap   total 373760K, used 271408K [0x0000000080000000, 0x0000000100000000)
  region size 1024K, 8 young (8192K), 8 survivors (8192K)
 Metaspace       used 129011K, committed 129920K, reserved 1179648K
  class space    used 17203K, committed 17664K, reserved 1048576K
}
Event: 41.247 GC heap before
{Heap before GC invocations=56 (full 0):
 garbage-first heap   total 435200K, used 273456K [0x0000000080000000, 0x0000000100000000)
  region size 1024K, 41 young (41984K), 8 survivors (8192K)
 Metaspace       used 129012K, committed 129920K, reserved 1179648K
  class space    used 17203K, committed 17664K, reserved 1048576K
}
Event: 41.298 GC heap after
{Heap after GC invocations=57 (full 0):
 garbage-first heap   total 435200K, used 253225K [0x0000000080000000, 0x0000000100000000)
  region size 1024K, 6 young (6144K), 6 survivors (6144K)
 Metaspace       used 129012K, committed 129920K, reserved 1179648K
  class space    used 17203K, committed 17664K, reserved 1048576K
}
Event: 41.498 GC heap before
{Heap before GC invocations=57 (full 0):
 garbage-first heap   total 435200K, used 270633K [0x0000000080000000, 0x0000000100000000)
  region size 1024K, 21 young (21504K), 6 survivors (6144K)
 Metaspace       used 129012K, committed 129920K, reserved 1179648K
  class space    used 17203K, committed 17664K, reserved 1048576K
}
Event: 41.540 GC heap after
{Heap after GC invocations=58 (full 0):
 garbage-first heap   total 435200K, used 254279K [0x0000000080000000, 0x0000000100000000)
  region size 1024K, 3 young (3072K), 3 survivors (3072K)
 Metaspace       used 129012K, committed 129920K, reserved 1179648K
  class space    used 17203K, committed 17664K, reserved 1048576K
}
Event: 42.245 GC heap before
{Heap before GC invocations=58 (full 0):
 garbage-first heap   total 435200K, used 333127K [0x0000000080000000, 0x0000000100000000)
  region size 1024K, 78 young (79872K), 3 survivors (3072K)
 Metaspace       used 131026K, committed 131904K, reserved 1179648K
  class space    used 17671K, committed 18112K, reserved 1048576K
}
Event: 42.286 GC heap after
{Heap after GC invocations=59 (full 0):
 garbage-first heap   total 435200K, used 271182K [0x0000000080000000, 0x0000000100000000)
  region size 1024K, 10 young (10240K), 10 survivors (10240K)
 Metaspace       used 131026K, committed 131904K, reserved 1179648K
  class space    used 17671K, committed 18112K, reserved 1048576K
}
Event: 42.699 GC heap before
{Heap before GC invocations=59 (full 0):
 garbage-first heap   total 435200K, used 339790K [0x0000000080000000, 0x0000000100000000)
  region size 1024K, 78 young (79872K), 10 survivors (10240K)
 Metaspace       used 131930K, committed 132864K, reserved 1179648K
  class space    used 17777K, committed 18240K, reserved 1048576K
}

