# JRE version: OpenJDK Runtime Environment (17.0.11) (build 17.0.11+0--11852314)
# Java VM: OpenJDK 64-Bit Server VM (17.0.11+0--11852314, mixed mode, tiered, compressed oops, compressed class ptrs, g1 gc, windows-amd64)
GC Precious Log:
 CPUs: 4 total, 4 available
 Memory: 16222M
 Large Page Support: Disabled
 NUMA Support: Disabled
 Compressed Oops: Enabled (32-bit)
 Heap Region Size: 1M
 Heap Min Capacity: 8M
 Heap Initial Capacity: 254M
 Heap Max Capacity: 2G
 Pre-touch: Disabled
 Parallel Workers: 4
 Concurrent Workers: 1
 Concurrent Refinement Workers: 4
 Periodic GC: Disabled
Heap:
 garbage-first heap   total 483328K, used 323072K [0x0000000080000000, 0x0000000100000000)
  region size 1024K, 12 young (12288K), 12 survivors (12288K)
 Metaspace       used 131969K, committed 132928K, reserved 1179648K
  class space    used 17780K, committed 18240K, reserved 1048576K
GC Heap History (20 events):
Event: 37.691 GC heap after
{Heap after GC invocations=51 (full 0):
 garbage-first heap   total 360448K, used 179073K [0x0000000080000000, 0x0000000100000000)
  region size 1024K, 11 young (11264K), 11 survivors (11264K)
 Metaspace       used 122713K, committed 123584K, reserved 1179648K
  class space    used 16333K, committed 16768K, reserved 1048576K
}
Event: 39.610 GC heap before
{Heap before GC invocations=51 (full 0):
 garbage-first heap   total 360448K, used 287617K [0x0000000080000000, 0x0000000100000000)
  region size 1024K, 118 young (120832K), 11 survivors (11264K)
 Metaspace       used 123921K, committed 124800K, reserved 1179648K
  class space    used 16502K, committed 16960K, reserved 1048576K
}
Event: 39.644 GC heap after
{Heap after GC invocations=52 (full 0):
 garbage-first heap   total 360448K, used 182229K [0x0000000080000000, 0x0000000100000000)
  region size 1024K, 6 young (6144K), 6 survivors (6144K)
 Metaspace       used 123921K, committed 124800K, reserved 1179648K
  class space    used 16502K, committed 16960K, reserved 1048576K
}
Event: 44.319 GC heap before
{Heap before GC invocations=52 (full 0):
 garbage-first heap   total 360448K, used 320469K [0x0000000080000000, 0x0000000100000000)
  region size 1024K, 105 young (107520K), 6 survivors (6144K)
 Metaspace       used 128712K, committed 129664K, reserved 1179648K
  class space    used 17162K, committed 17664K, reserved 1048576K
}
Event: 44.333 GC heap after
{Heap after GC invocations=53 (full 0):
 garbage-first heap   total 360448K, used 226667K [0x0000000080000000, 0x0000000100000000)
  region size 1024K, 15 young (15360K), 15 survivors (15360K)
 Metaspace       used 128712K, committed 129664K, reserved 1179648K
  class space    used 17162K, committed 17664K, reserved 1048576K
}
Event: 44.353 GC heap before
{Heap before GC invocations=53 (full 0):
 garbage-first heap   total 360448K, used 267627K [0x0000000080000000, 0x0000000100000000)
  region size 1024K, 24 young (24576K), 15 survivors (15360K)
 Metaspace       used 128719K, committed 129664K, reserved 1179648K
  class space    used 17162K, committed 17664K, reserved 1048576K
}
Event: 44.368 GC heap after
{Heap after GC invocations=54 (full 0):
 garbage-first heap   total 360448K, used 244355K [0x0000000080000000, 0x0000000100000000)
  region size 1024K, 4 young (4096K), 4 survivors (4096K)
 Metaspace       used 128719K, committed 129664K, reserved 1179648K
  class space    used 17162K, committed 17664K, reserved 1048576K
}
Event: 44.369 GC heap before
{Heap before GC invocations=54 (full 0):
 garbage-first heap   total 360448K, used 247427K [0x0000000080000000, 0x0000000100000000)
  region size 1024K, 4 young (4096K), 4 survivors (4096K)
 Metaspace       used 128719K, committed 129664K, reserved 1179648K
  class space    used 17162K, committed 17664K, reserved 1048576K
}
Event: 44.372 GC heap after
{Heap after GC invocations=55 (full 0):
 garbage-first heap   total 360448K, used 247274K [0x0000000080000000, 0x0000000100000000)
  region size 1024K, 4 young (4096K), 4 survivors (4096K)
 Metaspace       used 128719K, committed 129664K, reserved 1179648K
  class space    used 17162K, committed 17664K, reserved 1048576K
}
Event: 46.777 GC heap before
{Heap before GC invocations=56 (full 0):
 garbage-first heap   total 445440K, used 303594K [0x0000000080000000, 0x0000000100000000)
  region size 1024K, 54 young (55296K), 4 survivors (4096K)
 Metaspace       used 128923K, committed 129856K, reserved 1179648K
  class space    used 17206K, committed 17664K, reserved 1048576K
}
Event: 46.806 GC heap after
{Heap after GC invocations=57 (full 0):
 garbage-first heap   total 445440K, used 244546K [0x0000000080000000, 0x0000000100000000)
  region size 1024K, 7 young (7168K), 7 survivors (7168K)
 Metaspace       used 128923K, committed 129856K, reserved 1179648K
  class space    used 17206K, committed 17664K, reserved 1048576K
}
Event: 47.176 GC heap before
{Heap before GC invocations=57 (full 0):
 garbage-first heap   total 445440K, used 258882K [0x0000000080000000, 0x0000000100000000)
  region size 1024K, 21 young (21504K), 7 survivors (7168K)
 Metaspace       used 128923K, committed 129856K, reserved 1179648K
  class space    used 17206K, committed 17664K, reserved 1048576K
}
Event: 47.194 GC heap after
{Heap after GC invocations=58 (full 0):
 garbage-first heap   total 445440K, used 240640K [0x0000000080000000, 0x0000000100000000)
  region size 1024K, 3 young (3072K), 3 survivors (3072K)
 Metaspace       used 128923K, committed 129856K, reserved 1179648K
  class space    used 17206K, committed 17664K, reserved 1048576K
}
Event: 47.503 GC heap before
{Heap before GC invocations=58 (full 0):
 garbage-first heap   total 445440K, used 262144K [0x0000000080000000, 0x0000000100000000)
  region size 1024K, 25 young (25600K), 3 survivors (3072K)
 Metaspace       used 128923K, committed 129856K, reserved 1179648K
  class space    used 17206K, committed 17664K, reserved 1048576K
}
Event: 47.526 GC heap after
{Heap after GC invocations=59 (full 0):
 garbage-first heap   total 445440K, used 248951K [0x0000000080000000, 0x0000000100000000)
  region size 1024K, 12 young (12288K), 12 survivors (12288K)
 Metaspace       used 128923K, committed 129856K, reserved 1179648K
  class space    used 17206K, committed 17664K, reserved 1048576K
}
Event: 48.521 GC heap before
{Heap before GC invocations=60 (full 0):
 garbage-first heap   total 483328K, used 343159K [0x0000000080000000, 0x0000000100000000)
  region size 1024K, 100 young (102400K), 12 survivors (12288K)
 Metaspace       used 131718K, committed 132672K, reserved 1179648K
  class space    used 17771K, committed 18240K, reserved 1048576K
}
Event: 48.584 GC heap after
{Heap after GC invocations=61 (full 0):
 garbage-first heap   total 483328K, used 272050K [0x0000000080000000, 0x0000000100000000)
  region size 1024K, 13 young (13312K), 13 survivors (13312K)
 Metaspace       used 131718K, committed 132672K, reserved 1179648K
  class space    used 17771K, committed 18240K, reserved 1048576K
}
Event: 48.668 GC heap before
{Heap before GC invocations=61 (full 0):
 garbage-first heap   total 483328K, used 282290K [0x0000000080000000, 0x0000000100000000)
  region size 1024K, 23 young (23552K), 13 survivors (13312K)
 Metaspace       used 131870K, committed 132800K, reserved 1179648K
  class space    used 17778K, committed 18240K, reserved 1048576K
}
Event: 48.706 GC heap after
{Heap after GC invocations=62 (full 0):
 garbage-first heap   total 483328K, used 274432K [0x0000000080000000, 0x0000000100000000)
  region size 1024K, 3 young (3072K), 3 survivors (3072K)
 Metaspace       used 131870K, committed 132800K, reserved 1179648K
  class space    used 17778K, committed 18240K, reserved 1048576K
}
Event: 49.184 GC heap before
{Heap before GC invocations=62 (full 0):
 garbage-first heap   total 483328K, used 369664K [0x0000000080000000, 0x0000000100000000)
  region size 1024K, 96 young (98304K), 3 survivors (3072K)
 Metaspace       used 131969K, committed 132928K, reserved 1179648K
  class space    used 17780K, committed 18240K, reserved 1048576K
}

