# JRE version: OpenJDK Runtime Environment (17.0.11) (build 17.0.11+0--11852314)
# Java VM: OpenJDK 64-Bit Server VM (17.0.11+0--11852314, mixed mode, tiered, compressed oops, compressed class ptrs, g1 gc, windows-amd64)
GC Precious Log:
 CPUs: 4 total, 4 available
 Memory: 16222M
 Large Page Support: Disabled
 NUMA Support: Disabled
 Compressed Oops: Enabled (32-bit)
 Heap Region Size: 1M
 Heap Min Capacity: 8M
 Heap Initial Capacity: 254M
 Heap Max Capacity: 2G
 Pre-touch: Disabled
 Parallel Workers: 4
 Concurrent Workers: 1
 Concurrent Refinement Workers: 4
 Periodic GC: Disabled
Heap:
 garbage-first heap   total 184320K, used 111966K [0x0000000080000000, 0x0000000100000000)
  region size 1024K, 9 young (9216K), 7 survivors (7168K)
 Metaspace       used 106857K, committed 107648K, reserved 1179648K
  class space    used 14571K, committed 14976K, reserved 1048576K
GC Heap History (20 events):
Event: 18.380 GC heap before
{Heap before GC invocations=33 (full 0):
 garbage-first heap   total 128000K, used 78422K [0x0000000080000000, 0x0000000100000000)
  region size 1024K, 6 young (6144K), 2 survivors (2048K)
 Metaspace       used 72000K, committed 72512K, reserved 1114112K
  class space    used 9680K, committed 9920K, reserved 1048576K
}
Event: 18.387 GC heap after
{Heap after GC invocations=34 (full 0):
 garbage-first heap   total 153600K, used 73623K [0x0000000080000000, 0x0000000100000000)
  region size 1024K, 1 young (1024K), 1 survivors (1024K)
 Metaspace       used 72000K, committed 72512K, reserved 1114112K
  class space    used 9680K, committed 9920K, reserved 1048576K
}
Event: 19.569 GC heap before
{Heap before GC invocations=34 (full 0):
 garbage-first heap   total 153600K, used 130967K [0x0000000080000000, 0x0000000100000000)
  region size 1024K, 53 young (54272K), 1 survivors (1024K)
 Metaspace       used 76929K, committed 77504K, reserved 1179648K
  class space    used 10371K, committed 10624K, reserved 1048576K
}
Event: 19.577 GC heap after
{Heap after GC invocations=35 (full 0):
 garbage-first heap   total 153600K, used 80766K [0x0000000080000000, 0x0000000100000000)
  region size 1024K, 4 young (4096K), 4 survivors (4096K)
 Metaspace       used 76929K, committed 77504K, reserved 1179648K
  class space    used 10371K, committed 10624K, reserved 1048576K
}
Event: 20.520 GC heap before
{Heap before GC invocations=35 (full 0):
 garbage-first heap   total 153600K, used 126846K [0x0000000080000000, 0x0000000100000000)
  region size 1024K, 49 young (50176K), 4 survivors (4096K)
 Metaspace       used 81191K, committed 81728K, reserved 1179648K
  class space    used 10944K, committed 11200K, reserved 1048576K
}
Event: 20.532 GC heap after
{Heap after GC invocations=36 (full 0):
 garbage-first heap   total 153600K, used 83020K [0x0000000080000000, 0x0000000100000000)
  region size 1024K, 6 young (6144K), 6 survivors (6144K)
 Metaspace       used 81191K, committed 81728K, reserved 1179648K
  class space    used 10944K, committed 11200K, reserved 1048576K
}
Event: 21.582 GC heap before
{Heap before GC invocations=36 (full 0):
 garbage-first heap   total 153600K, used 128076K [0x0000000080000000, 0x0000000100000000)
  region size 1024K, 50 young (51200K), 6 survivors (6144K)
 Metaspace       used 82048K, committed 82624K, reserved 1179648K
  class space    used 11058K, committed 11328K, reserved 1048576K
}
Event: 21.596 GC heap after
{Heap after GC invocations=37 (full 0):
 garbage-first heap   total 153600K, used 87241K [0x0000000080000000, 0x0000000100000000)
  region size 1024K, 7 young (7168K), 7 survivors (7168K)
 Metaspace       used 82048K, committed 82624K, reserved 1179648K
  class space    used 11058K, committed 11328K, reserved 1048576K
}
Event: 22.400 GC heap before
{Heap before GC invocations=37 (full 0):
 garbage-first heap   total 153600K, used 127177K [0x0000000080000000, 0x0000000100000000)
  region size 1024K, 46 young (47104K), 7 survivors (7168K)
 Metaspace       used 85054K, committed 85696K, reserved 1179648K
  class space    used 11471K, committed 11776K, reserved 1048576K
}
Event: 22.412 GC heap after
{Heap after GC invocations=38 (full 0):
 garbage-first heap   total 153600K, used 89209K [0x0000000080000000, 0x0000000100000000)
  region size 1024K, 3 young (3072K), 3 survivors (3072K)
 Metaspace       used 85054K, committed 85696K, reserved 1179648K
  class space    used 11471K, committed 11776K, reserved 1048576K
}
Event: 23.229 GC heap before
{Heap before GC invocations=38 (full 0):
 garbage-first heap   total 153600K, used 128121K [0x0000000080000000, 0x0000000100000000)
  region size 1024K, 41 young (41984K), 3 survivors (3072K)
 Metaspace       used 87837K, committed 88448K, reserved 1179648K
  class space    used 11969K, committed 12288K, reserved 1048576K
}
Event: 23.234 GC heap after
{Heap after GC invocations=39 (full 0):
 garbage-first heap   total 184320K, used 89668K [0x0000000080000000, 0x0000000100000000)
  region size 1024K, 3 young (3072K), 3 survivors (3072K)
 Metaspace       used 87837K, committed 88448K, reserved 1179648K
  class space    used 11969K, committed 12288K, reserved 1048576K
}
Event: 24.362 GC heap before
{Heap before GC invocations=39 (full 0):
 garbage-first heap   total 184320K, used 150084K [0x0000000080000000, 0x0000000100000000)
  region size 1024K, 62 young (63488K), 3 survivors (3072K)
 Metaspace       used 92143K, committed 92864K, reserved 1179648K
  class space    used 12629K, committed 12992K, reserved 1048576K
}
Event: 24.370 GC heap after
{Heap after GC invocations=40 (full 0):
 garbage-first heap   total 184320K, used 91857K [0x0000000080000000, 0x0000000100000000)
  region size 1024K, 6 young (6144K), 6 survivors (6144K)
 Metaspace       used 92143K, committed 92864K, reserved 1179648K
  class space    used 12629K, committed 12992K, reserved 1048576K
}
Event: 26.153 GC heap before
{Heap before GC invocations=40 (full 0):
 garbage-first heap   total 184320K, used 152273K [0x0000000080000000, 0x0000000100000000)
  region size 1024K, 65 young (66560K), 6 survivors (6144K)
 Metaspace       used 96306K, committed 97088K, reserved 1179648K
  class space    used 13228K, committed 13632K, reserved 1048576K
}
Event: 26.167 GC heap after
{Heap after GC invocations=41 (full 0):
 garbage-first heap   total 184320K, used 95253K [0x0000000080000000, 0x0000000100000000)
  region size 1024K, 7 young (7168K), 7 survivors (7168K)
 Metaspace       used 96306K, committed 97088K, reserved 1179648K
  class space    used 13228K, committed 13632K, reserved 1048576K
}
Event: 27.726 GC heap before
{Heap before GC invocations=41 (full 0):
 garbage-first heap   total 184320K, used 153621K [0x0000000080000000, 0x0000000100000000)
  region size 1024K, 64 young (65536K), 7 survivors (7168K)
 Metaspace       used 101602K, committed 102400K, reserved 1179648K
  class space    used 13973K, committed 14336K, reserved 1048576K
}
Event: 27.741 GC heap after
{Heap after GC invocations=42 (full 0):
 garbage-first heap   total 184320K, used 97599K [0x0000000080000000, 0x0000000100000000)
  region size 1024K, 6 young (6144K), 6 survivors (6144K)
 Metaspace       used 101602K, committed 102400K, reserved 1179648K
  class space    used 13973K, committed 14336K, reserved 1048576K
}
Event: 28.674 GC heap before
{Heap before GC invocations=42 (full 0):
 garbage-first heap   total 184320K, used 159039K [0x0000000080000000, 0x0000000100000000)
  region size 1024K, 62 young (63488K), 6 survivors (6144K)
 Metaspace       used 105871K, committed 106688K, reserved 1179648K
  class space    used 14466K, committed 14848K, reserved 1048576K
}
Event: 28.696 GC heap after
{Heap after GC invocations=43 (full 0):
 garbage-first heap   total 184320K, used 103845K [0x0000000080000000, 0x0000000100000000)
  region size 1024K, 8 young (8192K), 8 survivors (8192K)
 Metaspace       used 105871K, committed 106688K, reserved 1179648K
  class space    used 14466K, committed 14848K, reserved 1048576K
}

