# JRE version: OpenJDK Runtime Environment (17.0.11) (build 17.0.11+0--11852314)
# Java VM: OpenJDK 64-Bit Server VM (17.0.11+0--11852314, mixed mode, tiered, compressed oops, compressed class ptrs, g1 gc, windows-amd64)
GC Precious Log:
 CPUs: 4 total, 4 available
 Memory: 16222M
 Large Page Support: Disabled
 NUMA Support: Disabled
 Compressed Oops: Enabled (32-bit)
 Heap Region Size: 1M
 Heap Min Capacity: 8M
 Heap Initial Capacity: 254M
 Heap Max Capacity: 2G
 Pre-touch: Disabled
 Parallel Workers: 4
 Concurrent Workers: 1
 Concurrent Refinement Workers: 4
 Periodic GC: Disabled
Heap:
 garbage-first heap   total 227328K, used 111114K [0x0000000080000000, 0x0000000100000000)
  region size 1024K, 2 young (2048K), 2 survivors (2048K)
 Metaspace       used 106980K, committed 107712K, reserved 1179648K
  class space    used 14606K, committed 14976K, reserved 1048576K
GC Heap History (20 events):
Event: 15.735 GC heap after
{Heap after GC invocations=30 (full 0):
 garbage-first heap   total 164864K, used 86834K [0x0000000080000000, 0x0000000100000000)
  region size 1024K, 6 young (6144K), 6 survivors (6144K)
 Metaspace       used 81958K, committed 82560K, reserved 1179648K
  class space    used 11060K, committed 11328K, reserved 1048576K
}
Event: 15.749 GC heap before
{Heap before GC invocations=30 (full 0):
 garbage-first heap   total 164864K, used 88882K [0x0000000080000000, 0x0000000100000000)
  region size 1024K, 8 young (8192K), 6 survivors (6144K)
 Metaspace       used 81958K, committed 82560K, reserved 1179648K
  class space    used 11060K, committed 11328K, reserved 1048576K
}
Event: 15.760 GC heap after
{Heap after GC invocations=31 (full 0):
 garbage-first heap   total 201728K, used 86667K [0x0000000080000000, 0x0000000100000000)
  region size 1024K, 1 young (1024K), 1 survivors (1024K)
 Metaspace       used 81958K, committed 82560K, reserved 1179648K
  class space    used 11060K, committed 11328K, reserved 1048576K
}
Event: 16.876 GC heap before
{Heap before GC invocations=31 (full 0):
 garbage-first heap   total 201728K, used 161419K [0x0000000080000000, 0x0000000100000000)
  region size 1024K, 74 young (75776K), 1 survivors (1024K)
 Metaspace       used 86230K, committed 86848K, reserved 1179648K
  class space    used 11671K, committed 11968K, reserved 1048576K
}
Event: 16.883 GC heap after
{Heap after GC invocations=32 (full 0):
 garbage-first heap   total 201728K, used 90218K [0x0000000080000000, 0x0000000100000000)
  region size 1024K, 5 young (5120K), 5 survivors (5120K)
 Metaspace       used 86230K, committed 86848K, reserved 1179648K
  class space    used 11671K, committed 11968K, reserved 1048576K
}
Event: 17.891 GC heap before
{Heap before GC invocations=32 (full 0):
 garbage-first heap   total 201728K, used 155754K [0x0000000080000000, 0x0000000100000000)
  region size 1024K, 69 young (70656K), 5 survivors (5120K)
 Metaspace       used 90981K, committed 91648K, reserved 1179648K
  class space    used 12478K, committed 12800K, reserved 1048576K
}
Event: 17.901 GC heap after
{Heap after GC invocations=33 (full 0):
 garbage-first heap   total 201728K, used 92534K [0x0000000080000000, 0x0000000100000000)
  region size 1024K, 7 young (7168K), 7 survivors (7168K)
 Metaspace       used 90981K, committed 91648K, reserved 1179648K
  class space    used 12478K, committed 12800K, reserved 1048576K
}
Event: 19.111 GC heap before
{Heap before GC invocations=33 (full 0):
 garbage-first heap   total 201728K, used 160118K [0x0000000080000000, 0x0000000100000000)
  region size 1024K, 73 young (74752K), 7 survivors (7168K)
 Metaspace       used 95805K, committed 96576K, reserved 1179648K
  class space    used 13173K, committed 13568K, reserved 1048576K
}
Event: 19.127 GC heap after
{Heap after GC invocations=34 (full 0):
 garbage-first heap   total 201728K, used 96019K [0x0000000080000000, 0x0000000100000000)
  region size 1024K, 6 young (6144K), 6 survivors (6144K)
 Metaspace       used 95805K, committed 96576K, reserved 1179648K
  class space    used 13173K, committed 13568K, reserved 1048576K
}
Event: 20.300 GC heap before
{Heap before GC invocations=34 (full 0):
 garbage-first heap   total 201728K, used 162579K [0x0000000080000000, 0x0000000100000000)
  region size 1024K, 71 young (72704K), 6 survivors (6144K)
 Metaspace       used 101516K, committed 102208K, reserved 1179648K
  class space    used 13978K, committed 14336K, reserved 1048576K
}
Event: 20.316 GC heap after
{Heap after GC invocations=35 (full 0):
 garbage-first heap   total 201728K, used 99394K [0x0000000080000000, 0x0000000100000000)
  region size 1024K, 7 young (7168K), 7 survivors (7168K)
 Metaspace       used 101516K, committed 102208K, reserved 1179648K
  class space    used 13978K, committed 14336K, reserved 1048576K
}
Event: 21.662 GC heap before
{Heap before GC invocations=36 (full 0):
 garbage-first heap   total 201728K, used 169026K [0x0000000080000000, 0x0000000100000000)
  region size 1024K, 71 young (72704K), 7 survivors (7168K)
 Metaspace       used 106359K, committed 107136K, reserved 1179648K
  class space    used 14556K, committed 14976K, reserved 1048576K
}
Event: 21.684 GC heap after
{Heap after GC invocations=37 (full 0):
 garbage-first heap   total 201728K, used 106807K [0x0000000080000000, 0x0000000100000000)
  region size 1024K, 9 young (9216K), 9 survivors (9216K)
 Metaspace       used 106359K, committed 107136K, reserved 1179648K
  class space    used 14556K, committed 14976K, reserved 1048576K
}
Event: 21.712 GC heap before
{Heap before GC invocations=37 (full 0):
 garbage-first heap   total 201728K, used 107831K [0x0000000080000000, 0x0000000100000000)
  region size 1024K, 10 young (10240K), 9 survivors (9216K)
 Metaspace       used 106379K, committed 107136K, reserved 1179648K
  class space    used 14556K, committed 14976K, reserved 1048576K
}
Event: 21.728 GC heap after
{Heap after GC invocations=38 (full 0):
 garbage-first heap   total 201728K, used 106971K [0x0000000080000000, 0x0000000100000000)
  region size 1024K, 2 young (2048K), 2 survivors (2048K)
 Metaspace       used 106379K, committed 107136K, reserved 1179648K
  class space    used 14556K, committed 14976K, reserved 1048576K
}
Event: 22.478 GC heap before
{Heap before GC invocations=38 (full 0):
 garbage-first heap   total 201728K, used 164315K [0x0000000080000000, 0x0000000100000000)
  region size 1024K, 58 young (59392K), 2 survivors (2048K)
 Metaspace       used 106722K, committed 107584K, reserved 1179648K
  class space    used 14576K, committed 14976K, reserved 1048576K
}
Event: 22.491 GC heap after
{Heap after GC invocations=39 (full 0):
 garbage-first heap   total 201728K, used 112126K [0x0000000080000000, 0x0000000100000000)
  region size 1024K, 7 young (7168K), 7 survivors (7168K)
 Metaspace       used 106722K, committed 107584K, reserved 1179648K
  class space    used 14576K, committed 14976K, reserved 1048576K
}
Event: 23.106 GC heap before
{Heap before GC invocations=40 (full 0):
 garbage-first heap   total 227328K, used 164350K [0x0000000080000000, 0x0000000100000000)
  region size 1024K, 58 young (59392K), 7 survivors (7168K)
 Metaspace       used 106836K, committed 107648K, reserved 1179648K
  class space    used 14578K, committed 14976K, reserved 1048576K
}
Event: 23.117 GC heap after
{Heap after GC invocations=41 (full 0):
 garbage-first heap   total 227328K, used 112938K [0x0000000080000000, 0x0000000100000000)
  region size 1024K, 4 young (4096K), 4 survivors (4096K)
 Metaspace       used 106836K, committed 107648K, reserved 1179648K
  class space    used 14578K, committed 14976K, reserved 1048576K
}
Event: 23.233 GC heap before
{Heap before GC invocations=41 (full 0):
 garbage-first heap   total 227328K, used 119082K [0x0000000080000000, 0x0000000100000000)
  region size 1024K, 11 young (11264K), 4 survivors (4096K)
 Metaspace       used 106980K, committed 107712K, reserved 1179648K
  class space    used 14606K, committed 14976K, reserved 1048576K
}

